-------------------------------------------------------------------------------
Test set: com.sg.orderbook.dao.OrderBookDaoFileImplTest
-------------------------------------------------------------------------------
Tests run: 1, Failures: 1, Errors: 0, Skipped: 0, Time elapsed: 0.03 sec <<< FAILURE! - in com.sg.orderbook.dao.OrderBookDaoFileImplTest
testSomeMethod  Time elapsed: 0.029 sec  <<< FAILURE!
org.opentest4j.AssertionFailedError: The test case is a prototype.
	at com.sg.orderbook.dao.OrderBookDaoFileImplTest.testSomeMethod(OrderBookDaoFileImplTest.java:34)

